<?xml version="1.0" encoding="UTF-8"?>
<!-- Generated by org.testng.reporters.JUnitXMLReporter -->
<testsuite hostname="ip-172-31-7-65" ignored="0" name="Test" tests="1" failures="1" timestamp="15 Jan 2021 15:11:29 GMT" time="0.117" errors="0">
  <testcase name="@BeforeClass setUpClass" time="0.093" classname="stepdefination.TestRunner">
    <failure type="cucumber.runtime.CucumberException" message="No backends were found. Please make sure you have a backend module on your CLASSPATH.">
      <![CDATA[cucumber.runtime.CucumberException: No backends were found. Please make sure you have a backend module on your CLASSPATH.
at cucumber.runtime.Runtime.<init>(Runtime.java:81)
at cucumber.runtime.Runtime.<init>(Runtime.java:70)
at cucumber.runtime.Runtime.<init>(Runtime.java:66)
at cucumber.api.testng.TestNGCucumberRunner.<init>(TestNGCucumberRunner.java:42)
at stepdefination.TestRunner.setUpClass(TestRunner.java:20)
... Removed 26 stack frames]]>
    </failure>
  </testcase> <!-- @BeforeClass setUpClass -->
  <testcase name="@AfterClass tearDownClass" time="0.0" classname="stepdefination.TestRunner">
    <failure type="java.lang.NullPointerException">
      <![CDATA[java.lang.NullPointerException
at stepdefination.TestRunner.tearDownClass(TestRunner.java:37)
... Removed 26 stack frames]]>
    </failure>
  </testcase> <!-- @AfterClass tearDownClass -->
  <testcase name="feature" time="0.0" classname="stepdefination.TestRunner">
    <failure type="org.testng.TestNGException" message="
Method public void stepdefination.TestRunner.feature(cucumber.api.testng.CucumberFeatureWrapper) requires a @DataProvider named : scenarios">
      <![CDATA[org.testng.TestNGException: 
Method public void stepdefination.TestRunner.feature(cucumber.api.testng.CucumberFeatureWrapper) requires a @DataProvider named : scenarios
... Removed 22 stack frames]]>
    </failure>
  </testcase> <!-- feature -->
</testsuite> <!-- Test -->
